<?xml version='1.0' encoding='UTF-8'?>
<testsuite hostname="DESKTOP-B3UKIIB" name="transaction.MainSpec" tests="1" errors="0" failures="0" skipped="0" time="9.204" timestamp="2019-08-31T17:24:02">
                     <properties>
[...]
</properties>
                     <testcase classname="transaction.MainSpec" name="amount of money should be equal after transactions" time="9.204">
                                                 
                                               </testcase>
                     <system-out><![CDATA[]]></system-out>
                     <system-err><![CDATA[]]></system-err>
                   </testsuite>