<?xml version='1.0' encoding='UTF-8'?>
<testsuite hostname="DESKTOP-8J3F2NI" name="transaction.MainSpec" tests="1" errors="0" failures="0" skipped="0" time="8.85" timestamp="2019-09-21T00:18:57">
                     <properties>
[...]
</properties>
                     <testcase classname="transaction.MainSpec" name="amount of money should be equal after transactions" time="8.85">
                                                 
                                               </testcase>
                     <system-out><![CDATA[]]></system-out>
                     <system-err><![CDATA[]]></system-err>
                   </testsuite>